<?xml version="1.0" encoding="UTF-8"?>
<!-- Generated by org.testng.reporters.JUnitXMLReporter -->
<testsuite hostname="xinxideMacBook-Pro.local" ignored="1" name="SeleniumDemo" tests="6" failures="0" timestamp="22 七月 2018 07:42:12 GMT" time="0.872" errors="0">
  <testcase name="test_1" time="0.001" classname="testSuite.EnableTest"/>
  <testcase name="test_dataProvider" time="0.001" classname="testSuite.EnableTest"/>
  <testcase name="test_dataProvider" time="0.001" classname="testSuite.EnableTest"/>
  <testcase name="test_dataProvider_csv" time="0.0" classname="testSuite.EnableTest"/>
  <testcase name="test_dataProvider_csv" time="0.0" classname="testSuite.EnableTest"/>
  <testcase name="test_dataProvider_xlsx" time="0.0" classname="testSuite.EnableTest"/>
  <testcase name="test_2" time="0.0" classname="testSuite.EnableTest">
    <ignored/>
  </testcase> <!-- test_2 -->
</testsuite> <!-- SeleniumDemo -->
