<?xml version="1.0" encoding="UTF-8"?>
<!-- Generated by org.testng.reporters.JUnitXMLReporter -->
<testsuite hostname="xinxideMacBook-Pro.local" ignored="2" name="testing" tests="2" failures="0" timestamp="22 七月 2018 06:51:43 GMT" time="0.051" errors="0">
  <testcase name="test_1" time="0.016" classname="testSuite.GroupTest"/>
  <testcase name="test_1" time="0.001" classname="testSuite.EnableTest"/>
  <testcase name="test_2" time="0.0" classname="testSuite.EnableTest">
    <ignored/>
  </testcase> <!-- test_2 -->
  <testcase name="test_2" time="0.0" classname="testSuite.GroupTest">
    <ignored/>
  </testcase> <!-- test_2 -->
</testsuite> <!-- testing -->
